Determining if the pthread_create exist failed with the following output:
Change Dir: /home/wataru/Cartographer/build_isolated/ceres-solver/install/CMakeFiles/CMakeTmp

Run Build Command:"/usr/bin/ninja" "cmTC_1516e"
[1/2] Building C object CMakeFiles/cmTC_1516e.dir/CheckSymbolExists.c.o
[2/2] Linking C executable cmTC_1516e
FAILED: cmTC_1516e 
: && /usr/bin/cc   -rdynamic CMakeFiles/cmTC_1516e.dir/CheckSymbolExists.c.o  -o cmTC_1516e   && :
CMakeFiles/cmTC_1516e.dir/CheckSymbolExists.c.o: 関数 `main' 内:
CheckSymbolExists.c:(.text+0x1b): `pthread_create' に対する定義されていない参照です
collect2: error: ld returned 1 exit status
ninja: build stopped: subcommand failed.

File /home/wataru/Cartographer/build_isolated/ceres-solver/install/CMakeFiles/CMakeTmp/CheckSymbolExists.c:
/* */
#include <pthread.h>

int main(int argc, char** argv)
{
  (void)argv;
#ifndef pthread_create
  return ((int*)(&pthread_create))[argc];
#else
  (void)argc;
  return 0;
#endif
}

Determining if the function pthread_create exists in the pthreads failed with the following output:
Change Dir: /home/wataru/Cartographer/build_isolated/ceres-solver/install/CMakeFiles/CMakeTmp

Run Build Command:"/usr/bin/ninja" "cmTC_52778"
[1/2] Building C object CMakeFiles/cmTC_52778.dir/CheckFunctionExists.c.o
[2/2] Linking C executable cmTC_52778
FAILED: cmTC_52778 
: && /usr/bin/cc -DCHECK_FUNCTION_EXISTS=pthread_create  -rdynamic CMakeFiles/cmTC_52778.dir/CheckFunctionExists.c.o  -o cmTC_52778  -lpthreads && :
/usr/bin/ld: -lpthreads が見つかりません
collect2: error: ld returned 1 exit status
ninja: build stopped: subcommand failed.


