Determining if the pthread_create exist failed with the following output:
Change Dir: /home/wataru/Cartographer/build_isolated/cartographer_rviz/CMakeFiles/CMakeTmp

Run Build Command:"/usr/bin/ninja" "cmTC_cb8cf"
[1/2] Building C object CMakeFiles/cmTC_cb8cf.dir/CheckSymbolExists.c.o
[2/2] Linking C executable cmTC_cb8cf
FAILED: cmTC_cb8cf 
: && /usr/bin/cc   -rdynamic CMakeFiles/cmTC_cb8cf.dir/CheckSymbolExists.c.o  -o cmTC_cb8cf   && :
CMakeFiles/cmTC_cb8cf.dir/CheckSymbolExists.c.o: 関数 `main' 内:
CheckSymbolExists.c:(.text+0x1b): `pthread_create' に対する定義されていない参照です
collect2: error: ld returned 1 exit status
ninja: build stopped: subcommand failed.

File /home/wataru/Cartographer/build_isolated/cartographer_rviz/CMakeFiles/CMakeTmp/CheckSymbolExists.c:
/* */
#include <pthread.h>

int main(int argc, char** argv)
{
  (void)argv;
#ifndef pthread_create
  return ((int*)(&pthread_create))[argc];
#else
  (void)argc;
  return 0;
#endif
}

Determining if the function pthread_create exists in the pthreads failed with the following output:
Change Dir: /home/wataru/Cartographer/build_isolated/cartographer_rviz/CMakeFiles/CMakeTmp

Run Build Command:"/usr/bin/ninja" "cmTC_1467c"
[1/2] Building C object CMakeFiles/cmTC_1467c.dir/CheckFunctionExists.c.o
[2/2] Linking C executable cmTC_1467c
FAILED: cmTC_1467c 
: && /usr/bin/cc -DCHECK_FUNCTION_EXISTS=pthread_create  -rdynamic CMakeFiles/cmTC_1467c.dir/CheckFunctionExists.c.o  -o cmTC_1467c  -lpthreads && :
/usr/bin/ld: -lpthreads が見つかりません
collect2: error: ld returned 1 exit status
ninja: build stopped: subcommand failed.


