Determining if the pthread_create exist failed with the following output:
Change Dir: /home/wataru/Cartographer/build_isolated/cartographer/install/CMakeFiles/CMakeTmp

Run Build Command:"/usr/bin/ninja" "cmTC_b6af6"
[1/2] Building C object CMakeFiles/cmTC_b6af6.dir/CheckSymbolExists.c.o
[2/2] Linking C executable cmTC_b6af6
FAILED: cmTC_b6af6 
: && /usr/bin/cc   -rdynamic CMakeFiles/cmTC_b6af6.dir/CheckSymbolExists.c.o  -o cmTC_b6af6   && :
CMakeFiles/cmTC_b6af6.dir/CheckSymbolExists.c.o: 関数 `main' 内:
CheckSymbolExists.c:(.text+0x1b): `pthread_create' に対する定義されていない参照です
collect2: error: ld returned 1 exit status
ninja: build stopped: subcommand failed.

File /home/wataru/Cartographer/build_isolated/cartographer/install/CMakeFiles/CMakeTmp/CheckSymbolExists.c:
/* */
#include <pthread.h>

int main(int argc, char** argv)
{
  (void)argv;
#ifndef pthread_create
  return ((int*)(&pthread_create))[argc];
#else
  (void)argc;
  return 0;
#endif
}

Determining if the function pthread_create exists in the pthreads failed with the following output:
Change Dir: /home/wataru/Cartographer/build_isolated/cartographer/install/CMakeFiles/CMakeTmp

Run Build Command:"/usr/bin/ninja" "cmTC_63b26"
[1/2] Building C object CMakeFiles/cmTC_63b26.dir/CheckFunctionExists.c.o
[2/2] Linking C executable cmTC_63b26
FAILED: cmTC_63b26 
: && /usr/bin/cc -DCHECK_FUNCTION_EXISTS=pthread_create  -rdynamic CMakeFiles/cmTC_63b26.dir/CheckFunctionExists.c.o  -o cmTC_63b26  -lpthreads && :
/usr/bin/ld: -lpthreads が見つかりません
collect2: error: ld returned 1 exit status
ninja: build stopped: subcommand failed.


