Determining if the pthread_create exist failed with the following output:
Change Dir: /home/wataru/Cartographer/build_isolated/cartographer_ros_msgs/CMakeFiles/CMakeTmp

Run Build Command:"/usr/bin/ninja" "cmTC_39104"
[1/2] Building C object CMakeFiles/cmTC_39104.dir/CheckSymbolExists.c.o
[2/2] Linking C executable cmTC_39104
FAILED: cmTC_39104 
: && /usr/bin/cc   -rdynamic CMakeFiles/cmTC_39104.dir/CheckSymbolExists.c.o  -o cmTC_39104   && :
CMakeFiles/cmTC_39104.dir/CheckSymbolExists.c.o: 関数 `main' 内:
CheckSymbolExists.c:(.text+0x1b): `pthread_create' に対する定義されていない参照です
collect2: error: ld returned 1 exit status
ninja: build stopped: subcommand failed.

File /home/wataru/Cartographer/build_isolated/cartographer_ros_msgs/CMakeFiles/CMakeTmp/CheckSymbolExists.c:
/* */
#include <pthread.h>

int main(int argc, char** argv)
{
  (void)argv;
#ifndef pthread_create
  return ((int*)(&pthread_create))[argc];
#else
  (void)argc;
  return 0;
#endif
}

Determining if the function pthread_create exists in the pthreads failed with the following output:
Change Dir: /home/wataru/Cartographer/build_isolated/cartographer_ros_msgs/CMakeFiles/CMakeTmp

Run Build Command:"/usr/bin/ninja" "cmTC_98677"
[1/2] Building C object CMakeFiles/cmTC_98677.dir/CheckFunctionExists.c.o
[2/2] Linking C executable cmTC_98677
FAILED: cmTC_98677 
: && /usr/bin/cc -DCHECK_FUNCTION_EXISTS=pthread_create  -rdynamic CMakeFiles/cmTC_98677.dir/CheckFunctionExists.c.o  -o cmTC_98677  -lpthreads && :
/usr/bin/ld: -lpthreads が見つかりません
collect2: error: ld returned 1 exit status
ninja: build stopped: subcommand failed.


